<?xml version="1.0" encoding="UTF-8"?>
<testsuite xmlns:xsi="http://www.w3.org/2001/XMLSchema-instance" xsi:noNamespaceSchemaLocation="https://maven.apache.org/surefire/maven-surefire-plugin/xsd/surefire-test-report-3.0.xsd" version="3.0" name="com.serzhio_pet_projects.encoder.RleEncoderTest" time="0.002" tests="19" errors="0" skipped="0" failures="0">
  <properties>
[...]
</properties>
  <testcase name="testEncode_oneWord_10" classname="com.serzhio_pet_projects.encoder.RleEncoderTest" time="0.0"/>
  <testcase name="testEncode_oneWord_11" classname="com.serzhio_pet_projects.encoder.RleEncoderTest" time="0.0"/>
  <testcase name="testEncode_oneWord_12" classname="com.serzhio_pet_projects.encoder.RleEncoderTest" time="0.0"/>
  <testcase name="testEncode_oneWord_13" classname="com.serzhio_pet_projects.encoder.RleEncoderTest" time="0.0"/>
  <testcase name="testEncode_oneWord_14" classname="com.serzhio_pet_projects.encoder.RleEncoderTest" time="0.0"/>
  <testcase name="testEncode_someWords_1" classname="com.serzhio_pet_projects.encoder.RleEncoderTest" time="0.0"/>
  <testcase name="testEncode_someWords_2" classname="com.serzhio_pet_projects.encoder.RleEncoderTest" time="0.0"/>
  <testcase name="testEncode_someWords_3" classname="com.serzhio_pet_projects.encoder.RleEncoderTest" time="0.0"/>
  <testcase name="testEncode_someWords_4" classname="com.serzhio_pet_projects.encoder.RleEncoderTest" time="0.0"/>
  <testcase name="testEncode_someWords_5" classname="com.serzhio_pet_projects.encoder.RleEncoderTest" time="0.0"/>
  <testcase name="testEncode_oneWord_1" classname="com.serzhio_pet_projects.encoder.RleEncoderTest" time="0.0"/>
  <testcase name="testEncode_oneWord_2" classname="com.serzhio_pet_projects.encoder.RleEncoderTest" time="0.0"/>
  <testcase name="testEncode_oneWord_3" classname="com.serzhio_pet_projects.encoder.RleEncoderTest" time="0.0"/>
  <testcase name="testEncode_oneWord_4" classname="com.serzhio_pet_projects.encoder.RleEncoderTest" time="0.0"/>
  <testcase name="testEncode_oneWord_5" classname="com.serzhio_pet_projects.encoder.RleEncoderTest" time="0.0"/>
  <testcase name="testEncode_oneWord_6" classname="com.serzhio_pet_projects.encoder.RleEncoderTest" time="0.0"/>
  <testcase name="testEncode_oneWord_7" classname="com.serzhio_pet_projects.encoder.RleEncoderTest" time="0.0"/>
  <testcase name="testEncode_oneWord_8" classname="com.serzhio_pet_projects.encoder.RleEncoderTest" time="0.0"/>
  <testcase name="testEncode_oneWord_9" classname="com.serzhio_pet_projects.encoder.RleEncoderTest" time="0.0"/>
</testsuite>